<?xml version="1.0" encoding="UTF-8"?>
<testng-results ignored="0" total="1" passed="1" failed="0" skipped="0">
  <reporter-output>
  </reporter-output>
  <suite started-at="2023-10-08T21:47:58 EDT" name="Default suite" finished-at="2023-10-08T21:48:21 EDT" duration-ms="22594">
    <groups>
      <group name="cucumber">
        <method signature="AbstractTestNGCucumberTests.feature(cucumber.api.testng.CucumberFeatureWrapper)[pri:0, instance:Mango_TestRunner.Mango_TestRunner@6f53b8a]" name="feature" class="cucumber.api.testng.AbstractTestNGCucumberTests"/>
      </group> <!-- cucumber -->
    </groups>
    <test started-at="2023-10-08T21:47:58 EDT" name="Default test" finished-at="2023-10-08T21:48:21 EDT" duration-ms="22594">
      <class name="Mango_TestRunner.Mango_TestRunner">
        <test-method is-config="true" signature="manStartURL()[pri:0, instance:Mango_TestRunner.Mango_TestRunner@6f53b8a]" started-at="2023-10-08T21:47:58 EDT" name="manStartURL" finished-at="2023-10-08T21:48:01 EDT" duration-ms="2581" status="PASS">
          <reporter-output>
          </reporter-output>
        </test-method> <!-- manStartURL -->
        <test-method is-config="true" signature="setUpClass()[pri:0, instance:Mango_TestRunner.Mango_TestRunner@6f53b8a]" started-at="2023-10-08T21:48:01 EDT" name="setUpClass" finished-at="2023-10-08T21:48:01 EDT" duration-ms="113" status="PASS">
          <reporter-output>
          </reporter-output>
        </test-method> <!-- setUpClass -->
        <test-method signature="feature(cucumber.api.testng.CucumberFeatureWrapper)[pri:0, instance:Mango_TestRunner.Mango_TestRunner@6f53b8a]" started-at="2023-10-08T21:48:01 EDT" name="feature" description="Runs Cucumber Feature" data-provider="features" finished-at="2023-10-08T21:48:20 EDT" duration-ms="19274" status="PASS">
          <params>
            <param index="0">
              <value>
                <![CDATA[This is a feature for search functionality]]>
              </value>
            </param>
          </params>
          <reporter-output>
          </reporter-output>
        </test-method> <!-- feature -->
        <test-method is-config="true" signature="tearDownClass()[pri:0, instance:Mango_TestRunner.Mango_TestRunner@6f53b8a]" started-at="2023-10-08T21:48:20 EDT" name="tearDownClass" finished-at="2023-10-08T21:48:21 EDT" duration-ms="25" status="PASS">
          <reporter-output>
          </reporter-output>
        </test-method> <!-- tearDownClass -->
        <test-method is-config="true" signature="manCloseURL()[pri:0, instance:Mango_TestRunner.Mango_TestRunner@6f53b8a]" started-at="2023-10-08T21:48:21 EDT" name="manCloseURL" finished-at="2023-10-08T21:48:21 EDT" duration-ms="473" status="PASS">
          <reporter-output>
          </reporter-output>
        </test-method> <!-- manCloseURL -->
      </class> <!-- Mango_TestRunner.Mango_TestRunner -->
    </test> <!-- Default test -->
  </suite> <!-- Default suite -->
</testng-results>
